<?xml version="1.0" encoding="UTF-8"?>
<!-- Generated by org.testng.reporters.JUnitReportReporter -->
<testsuite hostname="LAPTOP-F0UONMJM" failures="0" tests="1" name="com.jepetStoreWithPageFactory.TestCases.Tc_AddToCartOrder_03" time="6.764" errors="0" timestamp="2025-01-23T16:06:21 IST" skipped="0">
  <testcase classname="com.jepetStoreWithPageFactory.TestCases.Tc_AddToCartOrder_03" name="AddToCart" time="6.764"/>
  <system-out/>
</testsuite> <!-- com.jepetStoreWithPageFactory.TestCases.Tc_AddToCartOrder_03 -->
