<?xml version="1.0" encoding="UTF-8"?>
<!-- Generated by org.testng.reporters.JUnitReportReporter -->
<testsuite hostname="LAPTOP-F0UONMJM" failures="0" tests="3" name="com.jepetStoreWithPageFactory.TestCases.Tc_RegisterUser_01" time="2.549" errors="0" timestamp="2025-01-23T16:06:21 IST" skipped="0">
  <testcase classname="com.jepetStoreWithPageFactory.TestCases.Tc_RegisterUser_01" name="FillRegisterdata2" time="0.458"/>
  <system-out/>
  <testcase classname="com.jepetStoreWithPageFactory.TestCases.Tc_RegisterUser_01" name="FillRegisterdata3" time="1.554"/>
  <system-out/>
  <testcase classname="com.jepetStoreWithPageFactory.TestCases.Tc_RegisterUser_01" name="FillRegisterdata" time="0.537"/>
  <system-out/>
</testsuite> <!-- com.jepetStoreWithPageFactory.TestCases.Tc_RegisterUser_01 -->
