<?xml version="1.0" encoding="UTF-8"?>
<!-- Generated by org.testng.reporters.JUnitReportReporter -->
<testsuite hostname="LAPTOP-F0UONMJM" failures="0" tests="3" name="com.jepetstore.testcase.RegisterJepetstore" time="5.389" errors="0" timestamp="2025-01-23T16:01:21 IST" skipped="0">
  <testcase classname="com.jepetstore.testcase.RegisterJepetstore" name="FillRegisterdata3" time="4.424"/>
  <system-out/>
  <testcase classname="com.jepetstore.testcase.RegisterJepetstore" name="FillRegisterdata" time="0.459"/>
  <system-out/>
  <testcase classname="com.jepetstore.testcase.RegisterJepetstore" name="FillRegisterdata2" time="0.506"/>
  <system-out/>
</testsuite> <!-- com.jepetstore.testcase.RegisterJepetstore -->
