<?xml version="1.0" encoding="UTF-8"?>
<!-- Generated by org.testng.reporters.JUnitReportReporter -->
<testsuite hostname="LAPTOP-F0UONMJM" failures="0" tests="1" name="com.jepetstore.testcase.Tc_AddToCart_03" time="6.626" errors="0" timestamp="2025-01-23T16:01:21 IST" skipped="0">
  <testcase classname="com.jepetstore.testcase.Tc_AddToCart_03" name="AddToCart" time="6.626"/>
  <system-out/>
</testsuite> <!-- com.jepetstore.testcase.Tc_AddToCart_03 -->
